Status: Running Infernal analysis
Sequence                                            		tRNA 	Bounds	tRNA	Anti	Intron Bounds	Inf	      
Name                                                	tRNA #	Begin	End  	Type	Codon	Begin	End	Score	Note
--------                                            	------	-----	------	----	-----	-----	----	------	------
TRSP003.0321.00002.C001.PICI.TypeB.variant0001.Set1 	1	12842	12773	Undet	NNN	0	0	39.0	
BUSP018.0321.00001.C001.PICI.TypeB.variant0003.Set3 	1	11767	11694	Cys	GCA	0	0	53.0	
BUSP018.0321.00001.C001.PICI.TypeB.variant0003.Set3 	2	11589	11521	Thr	TGT	0	0	36.3	pseudo
BUSP018.0321.00001.C001.PICI.TypeB.variant0003.Set3 	3	8700 	8624 	Phe	GAA	0	0	52.7	
MYSP007.0321.00001.C001.PICI.TypeB.variant0001.Set2 	1	676  	607  	Undet	NNN	0	0	28.2	
CHMI001.0321.00001.C001.PICI.TypeB.variant0002.Set2 	1	8129 	8209 	Undet	NNN	0	0	25.5	pseudo
ACIN001.0321.00001.C001.PICI.TypeB.variant0002.Set1 	1	1038 	963  	Trp	CCA	0	0	61.8	
ACIN001.0321.00001.C001.PICI.TypeB.variant0002.Set1 	2	957  	872  	Ser	TGA	0	0	66.0	
LAPL001.0321.00073.C001.PICI.TypeB.variant0003.SetR1	1	17284	17356	Asn	GTT	0	0	77.5	
LAPL001.0321.00073.C001.PICI.TypeB.variant0003.SetR1	2	17426	17497	Trp	CCA	0	0	46.8	
LAPL001.0321.00073.C001.PICI.TypeB.variant0003.SetR1	3	17584	17643	Undet	NNN	0	0	35.3	pseudo
LAPL001.0321.00073.C001.PICI.TypeB.variant0003.SetR1	4	5101 	5018 	Undet	NNN	0	0	37.5	
LAPL001.0321.00073.C001.PICI.TypeB.variant0003.SetR1	5	4840 	4748 	Lys	CTT	4804	4782	29.3	
LAPL001.0321.00073.C001.PICI.TypeB.variant0003.SetR1	6	3562 	3489 	Met	CAT	0	0	76.0	
LAPL001.0321.00073.C001.PICI.TypeB.variant0003.SetR1	7	3482 	3397 	Gln	TTG	3445	3436	44.5	
LAPL001.0321.00073.C001.PICI.TypeB.variant0003.SetR1	8	3349 	3263 	Sup	TCA	3314	3296	21.8	pseudo
LAPL001.0321.00073.C001.PICI.TypeB.variant0003.SetR1	9	3005 	2935 	Gly	TCC	0	0	75.8	
LAPL001.0321.00074.C001.PICI.TypeB.variant0003.SetR1	1	22012	22095	Undet	NNN	0	0	37.5	
LAPL001.0321.00074.C001.PICI.TypeB.variant0003.SetR1	2	22273	22365	Lys	CTT	22309	22331	29.3	
LAPL001.0321.00074.C001.PICI.TypeB.variant0003.SetR1	3	23551	23624	Met	CAT	0	0	76.0	
LAPL001.0321.00074.C001.PICI.TypeB.variant0003.SetR1	4	23631	23716	Gln	TTG	23668	23677	44.5	
LAPL001.0321.00074.C001.PICI.TypeB.variant0003.SetR1	5	23764	23850	Sup	TCA	23799	23817	21.8	pseudo
LAPL001.0321.00074.C001.PICI.TypeB.variant0003.SetR1	6	24108	24178	Gly	TCC	0	0	75.8	
LAPL001.0321.00074.C001.PICI.TypeB.variant0003.SetR1	7	9829 	9757 	Asn	GTT	0	0	77.5	
LAPL001.0321.00074.C001.PICI.TypeB.variant0003.SetR1	8	9687 	9616 	Trp	CCA	0	0	46.8	
LAPL001.0321.00074.C001.PICI.TypeB.variant0003.SetR1	9	9529 	9470 	Undet	NNN	0	0	35.3	pseudo
RHET001.0321.00004.C001.PICI.TypeB.variant0001.SetR1	1	8078 	8153 	Met	CAT	0	0	63.7	
STAU002.0321.00280.C001.PICI.TypeB.variant0004.SetR1	1	20834	20909	Val	TAC	0	0	75.8	
STAU002.0321.00280.C001.PICI.TypeB.variant0004.SetR1	2	20926	21001	Thr	TGT	0	0	75.9	
STAU002.0321.00280.C001.PICI.TypeB.variant0004.SetR1	3	21007	21082	Lys	TTT	0	0	80.2	
STAU002.0321.00280.C001.PICI.TypeB.variant0004.SetR1	4	21086	21167	Leu	TAG	0	0	65.8	
STAU002.0321.00280.C001.PICI.TypeB.variant0004.SetR1	5	21171	21245	Gly	GCC	0	0	77.0	
STAU002.0321.00280.C001.PICI.TypeB.variant0004.SetR1	6	21256	21344	Leu	TAA	0	0	66.1	
STAU002.0321.00280.C001.PICI.TypeB.variant0004.SetR1	7	21363	21436	Arg	ACG	0	0	70.9	
STAU002.0321.00280.C001.PICI.TypeB.variant0004.SetR1	8	21446	21519	Pro	TGG	0	0	80.8	
STAU002.0321.00280.C001.PICI.TypeB.variant0004.SetR1	9	21537	21612	Ala	TGC	0	0	69.6	
STAU002.0321.00280.C001.PICI.TypeB.variant0004.SetR1	10	21634	21707	Met	CAT	0	0	75.2	
STAU002.0321.00280.C001.PICI.TypeB.variant0004.SetR1	11	21736	21809	Met	CAT	0	0	78.4	
STAU002.0321.00280.C001.PICI.TypeB.variant0004.SetR1	12	21819	21908	Ser	TGA	0	0	63.0	
STAU002.0321.00280.C001.PICI.TypeB.variant0004.SetR1	13	21919	21994	Asp	GTC	0	0	76.1	
STAU002.0321.00280.C001.PICI.TypeB.variant0004.SetR1	14	22033	22125	Ser	TGA	0	0	66.2	
STAU002.0321.00280.C001.PICI.TypeB.variant0004.SetR1	15	22140	22213	Met	CAT	0	0	74.6	
STAU002.0321.00280.C001.PICI.TypeB.variant0004.SetR1	16	22223	22298	Asp	GTC	0	0	76.1	
STAU002.0321.00280.C001.PICI.TypeB.variant0004.SetR1	17	22317	22389	Phe	GAA	0	0	67.5	
STAU002.0321.00280.C001.PICI.TypeB.variant0004.SetR1	18	22397	22472	Thr	TGT	0	0	75.9	
STAU002.0321.00280.C001.PICI.TypeB.variant0004.SetR1	19	22478	22558	Tyr	GTA	0	0	67.8	
STAU002.0321.00280.C001.PICI.TypeB.variant0004.SetR1	20	22574	22647	Trp	CCA	0	0	64.5	
STAU002.0321.00280.C001.PICI.TypeB.variant0004.SetR1	21	22650	22723	His	GTG	0	0	62.0	
STAU002.0321.00280.C001.PICI.TypeB.variant0004.SetR1	22	22734	22805	Gln	TTG	0	0	59.4	
STAU002.0321.00280.C001.PICI.TypeB.variant0004.SetR1	23	22811	22884	Cys	GCA	0	0	70.7	
STAU002.0321.00280.C001.PICI.TypeB.variant0004.SetR1	24	22892	22966	Gly	TCC	0	0	35.0	pseudo
STAU002.0321.00280.C001.PICI.TypeB.variant0004.SetR1	25	23095	23178	Leu	CAA	0	0	60.0	
